# JRE version: Java(TM) SE Runtime Environment (14.0.2+12) (build 14.0.2+12-46)
# Java VM: Java HotSpot(TM) 64-Bit Server VM (14.0.2+12-46, mixed mode, tiered, compressed oops, g1 gc, windows-amd64)
Heap:
 garbage-first heap   total 68608K, used 3500K [0x0000000089800000, 0x0000000100000000)
  region size 1024K, 1 young (1024K), 1 survivors (1024K)
 Metaspace       used 21141K, capacity 21429K, committed 21504K, reserved 1081344K
  class space    used 2123K, capacity 2247K, committed 2304K, reserved 1048576K
GC Heap History (11 events):
Event: 0.199 GC heap before
{Heap before GC invocations=0 (full 0):
 garbage-first heap   total 122880K, used 1024K [0x0000000089800000, 0x0000000100000000)
  region size 1024K, 3 young (3072K), 0 survivors (0K)
 Metaspace       used 7231K, capacity 7245K, committed 7296K, reserved 1069056K
  class space    used 609K, capacity 614K, committed 640K, reserved 1048576K
}
Event: 0.202 GC heap after
{Heap after GC invocations=1 (full 0):
 garbage-first heap   total 122880K, used 1336K [0x0000000089800000, 0x0000000100000000)
  region size 1024K, 2 young (2048K), 2 survivors (2048K)
 Metaspace       used 7231K, capacity 7245K, committed 7296K, reserved 1069056K
  class space    used 609K, capacity 614K, committed 640K, reserved 1048576K
}
Event: 0.517 GC heap before
{Heap before GC invocations=2 (full 0):
 garbage-first heap   total 10240K, used 8504K [0x0000000089800000, 0x0000000100000000)
  region size 1024K, 10 young (10240K), 2 survivors (2048K)
 Metaspace       used 12982K, capacity 13139K, committed 13440K, reserved 1073152K
  class space    used 1225K, capacity 1285K, committed 1408K, reserved 1048576K
}
Event: 0.522 GC heap after
{Heap after GC invocations=3 (full 0):
 garbage-first heap   total 13312K, used 2390K [0x0000000089800000, 0x0000000100000000)
  region size 1024K, 2 young (2048K), 2 survivors (2048K)
 Metaspace       used 12982K, capacity 13139K, committed 13440K, reserved 1073152K
  class space    used 1225K, capacity 1285K, committed 1408K, reserved 1048576K
}
Event: 0.584 GC heap before
{Heap before GC invocations=3 (full 0):
 garbage-first heap   total 13312K, used 5462K [0x0000000089800000, 0x0000000100000000)
  region size 1024K, 5 young (5120K), 2 survivors (2048K)
 Metaspace       used 14237K, capacity 14461K, committed 14592K, reserved 1075200K
  class space    used 1361K, capacity 1448K, committed 1536K, reserved 1048576K
}
Event: 0.587 GC heap after
{Heap after GC invocations=4 (full 0):
 garbage-first heap   total 13312K, used 2543K [0x0000000089800000, 0x0000000100000000)
  region size 1024K, 1 young (1024K), 1 survivors (1024K)
 Metaspace       used 14237K, capacity 14461K, committed 14592K, reserved 1075200K
  class space    used 1361K, capacity 1448K, committed 1536K, reserved 1048576K
}
Event: 0.706 GC heap before
{Heap before GC invocations=4 (full 0):
 garbage-first heap   total 13312K, used 5615K [0x0000000089800000, 0x0000000100000000)
  region size 1024K, 5 young (5120K), 1 survivors (1024K)
 Metaspace       used 15992K, capacity 16302K, committed 16640K, reserved 1075200K
  class space    used 1586K, capacity 1678K, committed 1792K, reserved 1048576K
}
Event: 0.707 GC heap after
{Heap after GC invocations=5 (full 0):
 garbage-first heap   total 13312K, used 3046K [0x0000000089800000, 0x0000000100000000)
  region size 1024K, 1 young (1024K), 1 survivors (1024K)
 Metaspace       used 15992K, capacity 16302K, committed 16640K, reserved 1075200K
  class space    used 1586K, capacity 1678K, committed 1792K, reserved 1048576K
}
Event: 0.808 GC heap before
{Heap before GC invocations=5 (full 0):
 garbage-first heap   total 13312K, used 7142K [0x0000000089800000, 0x0000000100000000)
  region size 1024K, 5 young (5120K), 1 survivors (1024K)
 Metaspace       used 18331K, capacity 18524K, committed 18560K, reserved 1077248K
  class space    used 1796K, capacity 1886K, committed 1920K, reserved 1048576K
}
Event: 0.809 GC heap after
{Heap after GC invocations=6 (full 0):
 garbage-first heap   total 13312K, used 3402K [0x0000000089800000, 0x0000000100000000)
  region size 1024K, 1 young (1024K), 1 survivors (1024K)
 Metaspace       used 18331K, capacity 18524K, committed 18560K, reserved 1077248K
  class space    used 1796K, capacity 1886K, committed 1920K, reserved 1048576K
}
Event: 0.989 GC heap before
{Heap before GC invocations=6 (full 0):
 garbage-first heap   total 13312K, used 4426K [0x0000000089800000, 0x0000000100000000)
  region size 1024K, 3 young (3072K), 1 survivors (1024K)
 Metaspace       used 21141K, capacity 21429K, committed 21504K, reserved 1081344K
  class space    used 2123K, capacity 2247K, committed 2304K, reserved 1048576K
}

